<?xml version='1.0' encoding='UTF-8'?>
<testsuite hostname="Laurits-PC" name="HeapTest" tests="5" errors="0" failures="1" skipped="0" time="7.34" timestamp="2024-02-22T17:17:04">
          <properties>
[...]
</properties>
          <testcase classname="HeapTest" name="Heap should present the currently largest number on io.root while ready and not empty" time="4.619">
                      
                    </testcase><testcase classname="HeapTest" name="Heap should assert empty after all numbers have been removed" time="0.654">
                      
                    </testcase><testcase classname="HeapTest" name="Heap should assert full when 8 numbers have been inserted" time="0.781">
                      
                    </testcase><testcase classname="HeapTest" name="Heap should deassert full after one number is removed when it was full" time="0.74">
                      <failure message="io_full=true (1, 0x1) did not equal expected=false (0, 0x0) (lines in HeapTest.scala: 126, 102)" type="org.scalatest.exceptions.TestFailedException">org.scalatest.exceptions.TestFailedException: io_full=true (1, 0x1) did not equal expected=false (0, 0x0) (lines in HeapTest.scala: 126, 102)
	at chiseltest.internal.TestEnvInterface.signalExpectFailure(TestEnvInterface.scala:60)
	at chiseltest.internal.TestEnvInterface.signalExpectFailure$(TestEnvInterface.scala:45)
	at HeapTest.signalExpectFailure(HeapTest.scala:8)
	at chiseltest.package$Utils$.expectFailed(package.scala:499)
	at chiseltest.package$Utils$.expectBits(package.scala:490)
	at chiseltest.package$testableBool.expectInternal(package.scala:27)
	at chiseltest.package$testableBool.expect(package.scala:29)
	at HeapTest.$anonfun$new$13(HeapTest.scala:126)
	at HeapTest.$anonfun$new$13$adapted(HeapTest.scala:102)
	at chiseltest.internal.GenericBackend.$anonfun$run$1(GenericBackend.scala:153)
	at chiseltest.internal.ThreadedBackend$TesterThread$$anon$1.$anonfun$run$1(ThreadedBackend.scala:495)
	at chiseltest.internal.GenericBackend.doTimescope(GenericBackend.scala:98)
	at chiseltest.internal.ThreadedBackend$TesterThread$$anon$1.run(ThreadedBackend.scala:495)
	at java.base/java.lang.Thread.run(Thread.java:840)
Caused by: chiseltest.internal.FailedExpectException: io_full=true (1, 0x1) did not equal expected=false (0, 0x0) (lines in HeapTest.scala: 126, 102)
	... 14 more
</failure>
                    </testcase><testcase classname="HeapTest" name="Heap should not change the sequence if new insertions are issued when it is full" time="0.546">
                      
                    </testcase>
          <system-out><![CDATA[]]></system-out>
          <system-err><![CDATA[]]></system-err>
        </testsuite>